2025-03-10 12:39:04,342 - root - INFO - Request 594c5159-25eb-41cc-9d79-9773819f5198 - Browser initialized
2025-03-10 12:39:04,343 - root - INFO - Request 594c5159-25eb-41cc-9d79-9773819f5198 - Cleaned APN: 194266
2025-03-10 12:39:04,343 - root - INFO - Request 594c5159-25eb-41cc-9d79-9773819f5198 started - Input: {'apn': '194266', 'county': 'Durham County', 'state': 'North Carolina'}
2025-03-10 12:39:04,343 - root - INFO - Starting property valuation for APN: 194266
2025-03-10 12:39:04,344 - root - INFO - Python version: 3.11.4 (main, Aug  3 2024, 09:05:49) [GCC 14.1.1 20240720]
2025-03-10 12:39:04,344 - root - INFO - Operating system: linux
2025-03-10 12:39:09,164 - root - INFO - Accessing login page
2025-03-10 12:39:09,277 - root - INFO - Email entered
2025-03-10 12:39:09,341 - root - INFO - Password entered
2025-03-10 12:39:09,642 - root - INFO - Login button clicked
2025-03-10 12:39:24,652 - root - INFO - No proceed button found - user may already be logged in
2025-03-10 12:39:24,652 - root - INFO - Login successful
2025-03-10 12:39:24,652 - root - INFO - State conversion: Input 'North Carolina' -> Converted to 'NC'
2025-03-10 12:39:24,652 - root - INFO - Searching for address: APN# 194266, Durham County, NC
2025-03-10 12:39:31,752 - root - INFO - Address entered in search
2025-03-10 12:39:38,172 - root - INFO - Search result clicked
2025-03-10 12:39:44,097 - root - INFO - Property details opened
2025-03-10 12:39:49,524 - root - INFO - Location pin clicked
2025-03-10 12:39:49,524 - root - INFO - Property search completed
2025-03-10 12:39:50,716 - root - INFO - Extracted property info: {'acreage': 6.62, 'estimated_value': 4212.0}
2025-03-10 12:39:51,617 - root - INFO - Found coordinates: (35.933484, -78.767454)
2025-03-10 12:39:51,617 - root - INFO - Searching for properties within 1.0 miles...
2025-03-10 12:39:53,304 - root - INFO - Total pages to fetch: 1
2025-03-10 12:39:53,305 - root - INFO - Completed fetching page 1 of 1
2025-03-10 12:39:53,305 - root - INFO - Successfully processed 2 total properties
2025-03-10 12:39:53,307 - root - INFO - Found 2 properties within 1.0 miles.
2025-03-10 12:39:53,308 - root - INFO - Filtered to 1 properties with compatible acreage.
2025-03-10 12:39:53,308 - root - INFO - Total unique properties found so far: 1
2025-03-10 12:39:53,309 - root - INFO - Searching for properties within 2.0 miles...
2025-03-10 12:39:54,681 - root - INFO - Total pages to fetch: 1
2025-03-10 12:39:54,683 - root - INFO - Completed fetching page 1 of 1
2025-03-10 12:39:54,684 - root - INFO - Successfully processed 11 total properties
2025-03-10 12:39:54,685 - root - INFO - Found 11 properties within 2.0 miles.
2025-03-10 12:39:54,686 - root - INFO - Filtered to 5 properties with compatible acreage.
2025-03-10 12:39:54,686 - root - INFO - Total unique properties found so far: 5
2025-03-10 12:39:54,701 - root - INFO - Valuation completed successfully: {'estimated_value_avg': 907773.8011708934, 'estimated_value_median': 1038923.4268385142, 'price_per_acre_stats': {'min': 35724.5337159254, 'max': 222603.0897440916, 'avg': 137125.95183850353, 'median': 156937.07354056105, 'std_dev': 74972.83637281637}, 'comparable_count': 5}
